2026-05-03T06:13:52Z INFO run_id=20260503T061352Z countries=usa,germany,india,japan,uk,france,italy,southkorea,brazil lookback_hours=72
2026-05-03T06:13:53Z WARNING country=usa feed_failed=U.S. Bureau of Labor Statistics reason=403 Client Error: Forbidden for url: https://www.bls.gov/feed/bls_latest.rss
2026-05-03T06:13:53Z WARNING country=usa feed_failed=OECD Newsroom reason=403 Client Error: Forbidden for url: https://www.oecd.org/newsroom/rss.xml
2026-05-03T06:13:53Z INFO country=usa feeds_total=4 feeds_ok=2 feeds_failed=2 entries_seen=20 items_kept=0 output=/home/runner/work/politeia-data/politeia-data/notallbad/usa.json
2026-05-03T06:13:53Z WARNING country=germany feed_failed=OECD Newsroom reason=403 Client Error: Forbidden for url: https://www.oecd.org/newsroom/rss.xml
2026-05-03T06:13:53Z WARNING country=germany feed_failed=IMF News reason=403 Client Error: Forbidden for url: https://www.imf.org/en/News/RSS
2026-05-03T06:13:53Z INFO country=germany feeds_total=3 feeds_ok=1 feeds_failed=2 entries_seen=0 items_kept=0 output=/home/runner/work/politeia-data/politeia-data/notallbad/germany.json
2026-05-03T06:13:54Z WARNING country=india feed_failed=OECD Newsroom reason=403 Client Error: Forbidden for url: https://www.oecd.org/newsroom/rss.xml
2026-05-03T06:13:54Z WARNING country=india feed_failed=IMF News reason=403 Client Error: Forbidden for url: https://www.imf.org/en/News/RSS
2026-05-03T06:13:54Z INFO country=india feeds_total=3 feeds_ok=1 feeds_failed=2 entries_seen=0 items_kept=0 output=/home/runner/work/politeia-data/politeia-data/notallbad/india.json
2026-05-03T06:13:54Z WARNING country=japan feed_failed=OECD Newsroom reason=403 Client Error: Forbidden for url: https://www.oecd.org/newsroom/rss.xml
2026-05-03T06:13:54Z WARNING country=japan feed_failed=IMF News reason=403 Client Error: Forbidden for url: https://www.imf.org/en/News/RSS
2026-05-03T06:13:54Z INFO country=japan feeds_total=3 feeds_ok=1 feeds_failed=2 entries_seen=0 items_kept=0 output=/home/runner/work/politeia-data/politeia-data/notallbad/japan.json
2026-05-03T06:13:54Z WARNING country=uk feed_failed=OECD Newsroom reason=403 Client Error: Forbidden for url: https://www.oecd.org/newsroom/rss.xml
2026-05-03T06:13:54Z WARNING country=uk feed_failed=IMF News reason=403 Client Error: Forbidden for url: https://www.imf.org/en/News/RSS
2026-05-03T06:13:54Z INFO country=uk feeds_total=3 feeds_ok=1 feeds_failed=2 entries_seen=0 items_kept=0 output=/home/runner/work/politeia-data/politeia-data/notallbad/uk.json
2026-05-03T06:13:54Z WARNING country=france feed_failed=OECD Newsroom reason=403 Client Error: Forbidden for url: https://www.oecd.org/newsroom/rss.xml
2026-05-03T06:13:54Z WARNING country=france feed_failed=IMF News reason=403 Client Error: Forbidden for url: https://www.imf.org/en/News/RSS
2026-05-03T06:13:54Z INFO country=france feeds_total=3 feeds_ok=1 feeds_failed=2 entries_seen=0 items_kept=0 output=/home/runner/work/politeia-data/politeia-data/notallbad/france.json
2026-05-03T06:13:54Z WARNING country=italy feed_failed=OECD Newsroom reason=403 Client Error: Forbidden for url: https://www.oecd.org/newsroom/rss.xml
2026-05-03T06:13:55Z WARNING country=italy feed_failed=IMF News reason=403 Client Error: Forbidden for url: https://www.imf.org/en/News/RSS
2026-05-03T06:13:55Z INFO country=italy feeds_total=3 feeds_ok=1 feeds_failed=2 entries_seen=0 items_kept=0 output=/home/runner/work/politeia-data/politeia-data/notallbad/italy.json
2026-05-03T06:13:55Z WARNING country=southkorea feed_failed=OECD Newsroom reason=403 Client Error: Forbidden for url: https://www.oecd.org/newsroom/rss.xml
2026-05-03T06:13:55Z WARNING country=southkorea feed_failed=IMF News reason=403 Client Error: Forbidden for url: https://www.imf.org/en/News/RSS
2026-05-03T06:13:55Z INFO country=southkorea feeds_total=3 feeds_ok=1 feeds_failed=2 entries_seen=0 items_kept=0 output=/home/runner/work/politeia-data/politeia-data/notallbad/southkorea.json
2026-05-03T06:13:55Z WARNING country=brazil feed_failed=OECD Newsroom reason=403 Client Error: Forbidden for url: https://www.oecd.org/newsroom/rss.xml
2026-05-03T06:13:55Z WARNING country=brazil feed_failed=IMF News reason=403 Client Error: Forbidden for url: https://www.imf.org/en/News/RSS
2026-05-03T06:13:55Z INFO country=brazil feeds_total=3 feeds_ok=1 feeds_failed=2 entries_seen=0 items_kept=0 output=/home/runner/work/politeia-data/politeia-data/notallbad/brazil.json
2026-05-03T06:13:55Z INFO run_id=20260503T061352Z completed
